<?xml version="1.0" encoding="UTF-8"?>
<testsuite xmlns:xsi="http://www.w3.org/2001/XMLSchema-instance" xsi:noNamespaceSchemaLocation="https://maven.apache.org/surefire/maven-surefire-plugin/xsd/surefire-test-report-3.0.xsd" version="3.0" name="TestSuite" time="27.123" tests="2" errors="0" skipped="0" failures="0">
  <properties>
[...]
</properties>
  <testcase name="runScenario[&quot;Add one quantity from Store&quot;, &quot;Optional[Add to cart]&quot;](1)" classname="awesomecucumber.runners.MyTestNGRunnerTest" time="11.533">
    <system-out><![CDATA[BEFORE: THREAD ID : 18,SCENARIO NAME: Add one quantity from Store
BEFORE: THREAD ID : 19,SCENARIO NAME: Add one quantity from Store
AFTER: THREAD ID : 18,SCENARIO NAME: Add one quantity from Store
]]></system-out>
  </testcase>
  <testcase name="runScenario[&quot;Add one quantity from Store&quot;, &quot;Optional[Add to cart]&quot;](2)" classname="awesomecucumber.runners.MyTestNGRunnerTest" time="22.994">
    <system-out><![CDATA[AFTER: THREAD ID : 19,SCENARIO NAME: Add one quantity from Store
]]></system-out>
  </testcase>
</testsuite>